<?xml version="1.0" encoding="UTF-8"?>
<!-- Generated by org.testng.reporters.JUnitReportReporter -->
<testsuite skipped="0" hostname="LAPTOP-D1KLJ109" name="wdMethods.FlipkartSe" tests="1" failures="0" timestamp="21 Jul 2018 04:24:31 GMT" time="125.333" errors="0">
  <testcase name="flipKartTest" time="125.333" classname="wdMethods.FlipkartSe"/>
</testsuite> <!-- wdMethods.FlipkartSe -->
