<?xml version="1.0" encoding="UTF-8"?>
<!-- Generated by org.testng.reporters.JUnitReportReporter -->
<testsuite skipped="0" hostname="LAPTOP-D1KLJ109" name="mylearning.TestCase1_CreateContact" tests="1" failures="0" timestamp="11 Aug 2018 10:30:14 GMT" time="50.972" errors="0">
  <testcase name="createContact" time="50.972" classname="mylearning.TestCase1_CreateContact"/>
</testsuite> <!-- mylearning.TestCase1_CreateContact -->
