<?xml version="1.0" encoding="UTF-8"?>
<!-- Generated by org.testng.reporters.JUnitReportReporter -->
<testsuite skipped="0" hostname="LAPTOP-D1KLJ109" name="mylearning.CreateLead" tests="1" failures="0" timestamp="01 Aug 2018 01:58:33 GMT" time="22.046" errors="0">
  <testcase name="createLead" time="22.046" classname="mylearning.CreateLead"/>
</testsuite> <!-- mylearning.CreateLead -->
