<?xml version="1.0" encoding="UTF-8"?>
<!-- Generated by org.testng.reporters.JUnitReportReporter -->
<testsuite skipped="0" hostname="LAPTOP-D1KLJ109" name="week5.repots.CreateLead" tests="1" failures="0" timestamp="10 Oct 2018 03:14:00 GMT" time="21.275" errors="0">
  <testcase name="createLead" time="21.275" classname="week5.repots.CreateLead"/>
</testsuite> <!-- week5.repots.CreateLead -->
